This file contains any messages produced by compilers while
running configure, to aid debugging if configure makes a mistake.

It was created by configure, which was
generated by GNU Autoconf 2.59.  Invocation command line was

  $ ./configure --enable-debug

## --------- ##
## Platform. ##
## --------- ##

hostname = zvde
uname -m = i686
uname -r = 2.6.15-23-server
uname -s = Linux
uname -v = #1 SMP Tue May 23 15:10:35 UTC 2006

/usr/bin/uname -p = unknown
/bin/uname -X     = unknown

/bin/arch              = i686
/usr/bin/arch -k       = unknown
/usr/convex/getsysinfo = unknown
hostinfo               = unknown
/bin/machine           = unknown
/usr/bin/oslevel       = unknown
/bin/universe          = unknown

PATH: /usr/local/sbin
PATH: /usr/local/bin
PATH: /usr/sbin
PATH: /usr/bin
PATH: /sbin
PATH: /bin
PATH: /usr/bin/X11
PATH: /usr/games


## ----------- ##
## Core tests. ##
## ----------- ##

configure:1497: checking for egrep
configure:1507: result: grep -E
configure:1512: checking for a sed that does not truncate output
configure:1566: result: /bin/sed
configure:1675: checking for gcc
configure:1691: found /usr/bin/gcc
configure:1701: result: gcc
configure:1945: checking for C compiler version
configure:1948: gcc --version </dev/null >&5
gcc (GCC) 4.0.3 (Ubuntu 4.0.3-1ubuntu5)
Copyright (C) 2006 Free Software Foundation, Inc.
This is free software; see the source for copying conditions.  There is NO
warranty; not even for MERCHANTABILITY or FITNESS FOR A PARTICULAR PURPOSE.

configure:1951: $? = 0
configure:1953: gcc -v </dev/null >&5
Using built-in specs.
Target: i486-linux-gnu
Configured with: ../src/configure -v --enable-languages=c,c++,java,f95,objc,ada,treelang --prefix=/usr --enable-shared --with-system-zlib --libexecdir=/usr/lib --without-included-gettext --enable-threads=posix --enable-nls --program-suffix=-4.0 --enable-__cxa_atexit --enable-clocale=gnu --enable-libstdcxx-debug --enable-java-awt=gtk-default --enable-gtk-cairo --with-java-home=/usr/lib/jvm/java-1.4.2-gcj-4.0-1.4.2.0/jre --enable-mpfr --disable-werror --with-tune=pentium4 --enable-checking=release i486-linux-gnu
Thread model: posix
gcc version 4.0.3 (Ubuntu 4.0.3-1ubuntu5)
configure:1956: $? = 0
configure:1958: gcc -V </dev/null >&5
gcc: '-V' option must have argument
configure:1961: $? = 1
configure:1984: checking for C compiler default output file name
configure:1987: gcc    conftest.c  >&5
configure:1990: $? = 0
configure:2036: result: a.out
configure:2041: checking whether the C compiler works
configure:2047: ./a.out
configure:2050: $? = 0
configure:2067: result: yes
configure:2074: checking whether we are cross compiling
configure:2076: result: no
configure:2079: checking for suffix of executables
configure:2081: gcc -o conftest    conftest.c  >&5
configure:2084: $? = 0
configure:2109: result: 
configure:2115: checking for suffix of object files
configure:2136: gcc -c   conftest.c >&5
configure:2139: $? = 0
configure:2161: result: o
configure:2165: checking whether we are using the GNU C compiler
configure:2189: gcc -c   conftest.c >&5
configure:2195: $? = 0
configure:2198: test -z 			 || test ! -s conftest.err
configure:2201: $? = 0
configure:2204: test -s conftest.o
configure:2207: $? = 0
configure:2220: result: yes
configure:2226: checking whether gcc accepts -g
configure:2247: gcc -c -g  conftest.c >&5
configure:2253: $? = 0
configure:2256: test -z 			 || test ! -s conftest.err
configure:2259: $? = 0
configure:2262: test -s conftest.o
configure:2265: $? = 0
configure:2276: result: yes
configure:2293: checking for gcc option to accept ANSI C
configure:2363: gcc  -c -g -O2  conftest.c >&5
configure:2369: $? = 0
configure:2372: test -z 			 || test ! -s conftest.err
configure:2375: $? = 0
configure:2378: test -s conftest.o
configure:2381: $? = 0
configure:2399: result: none needed
configure:2417: gcc -c -g -O2  conftest.c >&5
conftest.c:2: error: syntax error before 'me'
configure:2423: $? = 1
configure: failed program was:
| #ifndef __cplusplus
|   choke me
| #endif
configure:2554: checking whether gcc and cc understand -c and -o together
configure:2584: gcc -c conftest.c -o conftest.o >&5
configure:2587: $? = 0
configure:2589: gcc -c conftest.c -o conftest.o >&5
configure:2592: $? = 0
configure:2599: cc -c conftest.c >&5
configure:2602: $? = 0
configure:2605: cc -c conftest.c -o conftest.o >&5
configure:2608: $? = 0
configure:2610: cc -c conftest.c -o conftest.o >&5
configure:2613: $? = 0
configure:2631: result: yes
configure:2655: checking if compiler supports -R
configure:2679: gcc -o conftest -g -O2   conftest.c -R /usr/lib  >&5
gcc: unrecognized option '-R'
/usr/bin/ld: /usr/lib: No such file: File format not recognized
collect2: ld returned 1 exit status
configure:2685: $? = 1
configure: failed program was:
| /* confdefs.h.  */
| 
| #define PACKAGE_NAME ""
| #define PACKAGE_TARNAME ""
| #define PACKAGE_VERSION ""
| #define PACKAGE_STRING ""
| #define PACKAGE_BUGREPORT ""
| /* end confdefs.h.  */
| 
| int
| main ()
| {
| 
|   ;
|   return 0;
| }
configure:2711: result: no
configure:2716: checking if compiler supports -Wl,-rpath,
configure:2740: gcc -o conftest -g -O2   conftest.c -Wl,-rpath,/usr/lib  >&5
configure:2746: $? = 0
configure:2749: test -z 			 || test ! -s conftest.err
configure:2752: $? = 0
configure:2755: test -s conftest
configure:2758: $? = 0
configure:2772: result: yes
configure:2812: checking build system type
configure:2830: result: i686-pc-linux-gnu
configure:2838: checking host system type
configure:2852: result: i686-pc-linux-gnu
configure:2860: checking target system type
configure:2874: result: i686-pc-linux-gnu
configure:2959: checking for PHP prefix
configure:2961: result: /usr/local
configure:2963: checking for PHP includes
configure:2965: result: -I/usr/local/include/php -I/usr/local/include/php/main -I/usr/local/include/php/TSRM -I/usr/local/include/php/Zend -I/usr/local/include/php/ext -I/usr/local/include/php/ext/date/lib
configure:2967: checking for PHP extension directory
configure:2969: result: /usr/local/lib/php/extensions/debug-non-zts-20060613
configure:2971: checking for PHP installed headers prefix
configure:2973: result: /usr/local/include/php
configure:3020: checking for re2c
configure:3036: found /usr/bin/re2c
configure:3046: result: re2c
configure:3054: checking for re2c version
configure:3068: result: 0.9.12 (ok)
configure:3087: checking for gawk
configure:3117: result: no
configure:3087: checking for nawk
configure:3104: found /usr/bin/nawk
configure:3114: result: nawk
configure:3138: checking if nawk is broken
configure:3147: result: no
configure:3162: checking whether to enable cautela support
configure:3204: result: yes, shared
configure:3582: checking for ld used by gcc
configure:3649: result: /usr/bin/ld
configure:3658: checking if the linker (/usr/bin/ld) is GNU ld
configure:3673: result: yes
configure:3678: checking for /usr/bin/ld option to reload object files
configure:3685: result: -r
configure:3703: checking for BSD-compatible nm
configure:3745: result: /usr/bin/nm -B
configure:3749: checking whether ln -s works
configure:3753: result: yes
configure:3760: checking how to recognise dependent libraries
configure:3932: result: pass_all
configure:4143: checking how to run the C preprocessor
configure:4178: gcc -E  conftest.c
configure:4184: $? = 0
configure:4216: gcc -E  conftest.c
conftest.c:10:28: error: ac_nonexistent.h: No such file or directory
configure:4222: $? = 1
configure: failed program was:
| /* confdefs.h.  */
| 
| #define PACKAGE_NAME ""
| #define PACKAGE_TARNAME ""
| #define PACKAGE_VERSION ""
| #define PACKAGE_STRING ""
| #define PACKAGE_BUGREPORT ""
| #define COMPILE_DL_CAUTELA 1
| /* end confdefs.h.  */
| #include <ac_nonexistent.h>
configure:4261: result: gcc -E
configure:4285: gcc -E  conftest.c
configure:4291: $? = 0
configure:4323: gcc -E  conftest.c
conftest.c:10:28: error: ac_nonexistent.h: No such file or directory
configure:4329: $? = 1
configure: failed program was:
| /* confdefs.h.  */
| 
| #define PACKAGE_NAME ""
| #define PACKAGE_TARNAME ""
| #define PACKAGE_VERSION ""
| #define PACKAGE_STRING ""
| #define PACKAGE_BUGREPORT ""
| #define COMPILE_DL_CAUTELA 1
| /* end confdefs.h.  */
| #include <ac_nonexistent.h>
configure:4373: checking for ANSI C header files
configure:4398: gcc -c -g -O2  conftest.c >&5
configure:4404: $? = 0
configure:4407: test -z 			 || test ! -s conftest.err
configure:4410: $? = 0
configure:4413: test -s conftest.o
configure:4416: $? = 0
configure:4505: gcc -o conftest -g -O2   conftest.c  >&5
conftest.c: In function 'main':
conftest.c:27: warning: incompatible implicit declaration of built-in function 'exit'
configure:4508: $? = 0
configure:4510: ./conftest
configure:4513: $? = 0
configure:4528: result: yes
configure:4552: checking for sys/types.h
configure:4568: gcc -c -g -O2  conftest.c >&5
configure:4574: $? = 0
configure:4577: test -z 			 || test ! -s conftest.err
configure:4580: $? = 0
configure:4583: test -s conftest.o
configure:4586: $? = 0
configure:4597: result: yes
configure:4552: checking for sys/stat.h
configure:4568: gcc -c -g -O2  conftest.c >&5
configure:4574: $? = 0
configure:4577: test -z 			 || test ! -s conftest.err
configure:4580: $? = 0
configure:4583: test -s conftest.o
configure:4586: $? = 0
configure:4597: result: yes
configure:4552: checking for stdlib.h
configure:4568: gcc -c -g -O2  conftest.c >&5
configure:4574: $? = 0
configure:4577: test -z 			 || test ! -s conftest.err
configure:4580: $? = 0
configure:4583: test -s conftest.o
configure:4586: $? = 0
configure:4597: result: yes
configure:4552: checking for string.h
configure:4568: gcc -c -g -O2  conftest.c >&5
configure:4574: $? = 0
configure:4577: test -z 			 || test ! -s conftest.err
configure:4580: $? = 0
configure:4583: test -s conftest.o
configure:4586: $? = 0
configure:4597: result: yes
configure:4552: checking for memory.h
configure:4568: gcc -c -g -O2  conftest.c >&5
configure:4574: $? = 0
configure:4577: test -z 			 || test ! -s conftest.err
configure:4580: $? = 0
configure:4583: test -s conftest.o
configure:4586: $? = 0
configure:4597: result: yes
configure:4552: checking for strings.h
configure:4568: gcc -c -g -O2  conftest.c >&5
configure:4574: $? = 0
configure:4577: test -z 			 || test ! -s conftest.err
configure:4580: $? = 0
configure:4583: test -s conftest.o
configure:4586: $? = 0
configure:4597: result: yes
configure:4552: checking for inttypes.h
configure:4568: gcc -c -g -O2  conftest.c >&5
configure:4574: $? = 0
configure:4577: test -z 			 || test ! -s conftest.err
configure:4580: $? = 0
configure:4583: test -s conftest.o
configure:4586: $? = 0
configure:4597: result: yes
configure:4552: checking for stdint.h
configure:4568: gcc -c -g -O2  conftest.c >&5
configure:4574: $? = 0
configure:4577: test -z 			 || test ! -s conftest.err
configure:4580: $? = 0
configure:4583: test -s conftest.o
configure:4586: $? = 0
configure:4597: result: yes
configure:4552: checking for unistd.h
configure:4568: gcc -c -g -O2  conftest.c >&5
configure:4574: $? = 0
configure:4577: test -z 			 || test ! -s conftest.err
configure:4580: $? = 0
configure:4583: test -s conftest.o
configure:4586: $? = 0
configure:4597: result: yes
configure:4623: checking dlfcn.h usability
configure:4635: gcc -c -g -O2  conftest.c >&5
configure:4641: $? = 0
configure:4644: test -z 			 || test ! -s conftest.err
configure:4647: $? = 0
configure:4650: test -s conftest.o
configure:4653: $? = 0
configure:4663: result: yes
configure:4667: checking dlfcn.h presence
configure:4677: gcc -E  conftest.c
configure:4683: $? = 0
configure:4703: result: yes
configure:4738: checking for dlfcn.h
configure:4745: result: yes
configure:4810: checking for g++
configure:4826: found /usr/bin/g++
configure:4836: result: g++
configure:4852: checking for C++ compiler version
configure:4855: g++ --version </dev/null >&5
g++ (GCC) 4.0.3 (Ubuntu 4.0.3-1ubuntu5)
Copyright (C) 2006 Free Software Foundation, Inc.
This is free software; see the source for copying conditions.  There is NO
warranty; not even for MERCHANTABILITY or FITNESS FOR A PARTICULAR PURPOSE.

configure:4858: $? = 0
configure:4860: g++ -v </dev/null >&5
Using built-in specs.
Target: i486-linux-gnu
Configured with: ../src/configure -v --enable-languages=c,c++,java,f95,objc,ada,treelang --prefix=/usr --enable-shared --with-system-zlib --libexecdir=/usr/lib --without-included-gettext --enable-threads=posix --enable-nls --program-suffix=-4.0 --enable-__cxa_atexit --enable-clocale=gnu --enable-libstdcxx-debug --enable-java-awt=gtk-default --enable-gtk-cairo --with-java-home=/usr/lib/jvm/java-1.4.2-gcj-4.0-1.4.2.0/jre --enable-mpfr --disable-werror --with-tune=pentium4 --enable-checking=release i486-linux-gnu
Thread model: posix
gcc version 4.0.3 (Ubuntu 4.0.3-1ubuntu5)
configure:4863: $? = 0
configure:4865: g++ -V </dev/null >&5
g++: '-V' option must have argument
configure:4868: $? = 1
configure:4871: checking whether we are using the GNU C++ compiler
configure:4895: g++ -c   conftest.cc >&5
configure:4901: $? = 0
configure:4904: test -z 			 || test ! -s conftest.err
configure:4907: $? = 0
configure:4910: test -s conftest.o
configure:4913: $? = 0
configure:4926: result: yes
configure:4932: checking whether g++ accepts -g
configure:4953: g++ -c -g  conftest.cc >&5
configure:4959: $? = 0
configure:4962: test -z 			 || test ! -s conftest.err
configure:4965: $? = 0
configure:4968: test -s conftest.o
configure:4971: $? = 0
configure:4982: result: yes
configure:5024: g++ -c -g -O2  conftest.cc >&5
configure:5030: $? = 0
configure:5033: test -z 			 || test ! -s conftest.err
configure:5036: $? = 0
configure:5039: test -s conftest.o
configure:5042: $? = 0
configure:5068: g++ -c -g -O2  conftest.cc >&5
conftest.cc: In function 'int main()':
conftest.cc:25: error: 'exit' was not declared in this scope
configure:5074: $? = 1
configure: failed program was:
| /* confdefs.h.  */
| 
| #define PACKAGE_NAME ""
| #define PACKAGE_TARNAME ""
| #define PACKAGE_VERSION ""
| #define PACKAGE_STRING ""
| #define PACKAGE_BUGREPORT ""
| #define COMPILE_DL_CAUTELA 1
| #define STDC_HEADERS 1
| #define HAVE_SYS_TYPES_H 1
| #define HAVE_SYS_STAT_H 1
| #define HAVE_STDLIB_H 1
| #define HAVE_STRING_H 1
| #define HAVE_MEMORY_H 1
| #define HAVE_STRINGS_H 1
| #define HAVE_INTTYPES_H 1
| #define HAVE_STDINT_H 1
| #define HAVE_UNISTD_H 1
| #define HAVE_DLFCN_H 1
| /* end confdefs.h.  */
| 
| int
| main ()
| {
| exit (42);
|   ;
|   return 0;
| }
configure:5024: g++ -c -g -O2  conftest.cc >&5
configure:5030: $? = 0
configure:5033: test -z 			 || test ! -s conftest.err
configure:5036: $? = 0
configure:5039: test -s conftest.o
configure:5042: $? = 0
configure:5068: g++ -c -g -O2  conftest.cc >&5
configure:5074: $? = 0
configure:5077: test -z 			 || test ! -s conftest.err
configure:5080: $? = 0
configure:5083: test -s conftest.o
configure:5086: $? = 0
configure:5119: checking how to run the C++ preprocessor
configure:5150: g++ -E  conftest.cc
configure:5156: $? = 0
configure:5188: g++ -E  conftest.cc
conftest.cc:24:28: error: ac_nonexistent.h: No such file or directory
configure:5194: $? = 1
configure: failed program was:
| /* confdefs.h.  */
| 
| #define PACKAGE_NAME ""
| #define PACKAGE_TARNAME ""
| #define PACKAGE_VERSION ""
| #define PACKAGE_STRING ""
| #define PACKAGE_BUGREPORT ""
| #define COMPILE_DL_CAUTELA 1
| #define STDC_HEADERS 1
| #define HAVE_SYS_TYPES_H 1
| #define HAVE_SYS_STAT_H 1
| #define HAVE_STDLIB_H 1
| #define HAVE_STRING_H 1
| #define HAVE_MEMORY_H 1
| #define HAVE_STRINGS_H 1
| #define HAVE_INTTYPES_H 1
| #define HAVE_STDINT_H 1
| #define HAVE_UNISTD_H 1
| #define HAVE_DLFCN_H 1
| #ifdef __cplusplus
| extern "C" void std::exit (int) throw (); using std::exit;
| #endif
| /* end confdefs.h.  */
| #include <ac_nonexistent.h>
configure:5233: result: g++ -E
configure:5257: g++ -E  conftest.cc
configure:5263: $? = 0
configure:5295: g++ -E  conftest.cc
conftest.cc:24:28: error: ac_nonexistent.h: No such file or directory
configure:5301: $? = 1
configure: failed program was:
| /* confdefs.h.  */
| 
| #define PACKAGE_NAME ""
| #define PACKAGE_TARNAME ""
| #define PACKAGE_VERSION ""
| #define PACKAGE_STRING ""
| #define PACKAGE_BUGREPORT ""
| #define COMPILE_DL_CAUTELA 1
| #define STDC_HEADERS 1
| #define HAVE_SYS_TYPES_H 1
| #define HAVE_SYS_STAT_H 1
| #define HAVE_STDLIB_H 1
| #define HAVE_STRING_H 1
| #define HAVE_MEMORY_H 1
| #define HAVE_STRINGS_H 1
| #define HAVE_INTTYPES_H 1
| #define HAVE_STDINT_H 1
| #define HAVE_UNISTD_H 1
| #define HAVE_DLFCN_H 1
| #ifdef __cplusplus
| extern "C" void std::exit (int) throw (); using std::exit;
| #endif
| /* end confdefs.h.  */
| #include <ac_nonexistent.h>
configure:5351: checking the maximum length of command line arguments
configure:5443: result: 32768
configure:5454: checking command to parse /usr/bin/nm -B output from gcc object
configure:5550: g++ -c -g -O2  conftest.cc >&5
configure:5553: $? = 0
configure:5557: /usr/bin/nm -B conftest.o \| sed -n -e 's/^.*[ 	]\([ABCDGIRSTW][ABCDGIRSTW]*\)[ 	][ 	]*\([_A-Za-z][_A-Za-z0-9]*\)$/\1 \2 \2/p' \> conftest.nm
configure:5560: $? = 0
configure:5612: g++ -o conftest -g -O2   conftest.cc conftstm.o >&5
configure:5615: $? = 0
configure:5653: result: ok
configure:5657: checking for objdir
configure:5672: result: .libs
configure:5762: checking for ar
configure:5778: found /usr/bin/ar
configure:5789: result: ar
configure:5842: checking for ranlib
configure:5858: found /usr/bin/ranlib
configure:5869: result: ranlib
configure:5922: checking for strip
configure:5938: found /usr/bin/strip
configure:5949: result: strip
configure:6238: checking if gcc static flag  works
configure:6266: result: yes
configure:6288: checking if gcc supports -fno-rtti -fno-exceptions
configure:6306: gcc -c -g -O2  -fno-rtti -fno-exceptions conftest.c >&5
cc1: warning: command line option "-fno-rtti" is valid for C++/ObjC++ but not for C
configure:6310: $? = 0
configure:6323: result: no
configure:6338: checking for gcc option to produce PIC
configure:6542: result: -fPIC
configure:6550: checking if gcc PIC flag -fPIC works
configure:6568: gcc -c -g -O2  -fPIC -DPIC conftest.c >&5
configure:6572: $? = 0
configure:6585: result: yes
configure:6609: checking if gcc supports -c -o file.o
configure:6630: gcc -c -g -O2  -o out/conftest2.o conftest.c >&5
configure:6634: $? = 0
configure:6656: result: yes
configure:6682: checking whether the gcc linker (/usr/bin/ld) supports shared libraries
configure:7526: result: yes
configure:7552: checking whether -lc should be explicitly linked in
configure:7557: gcc -c -g -O2  conftest.c >&5
configure:7560: $? = 0
configure:7574: gcc -shared conftest.o  -v -Wl,-soname -Wl,conftest -o conftest 2\>\&1 \| grep  -lc  \>/dev/null 2\>\&1
configure:7577: $? = 0
configure:7589: result: no
configure:7597: checking dynamic linker characteristics
configure:8172: result: GNU/Linux ld.so
configure:8176: checking how to hardcode library paths into programs
configure:8201: result: immediate
configure:8215: checking whether stripping libraries is possible
configure:8220: result: yes
configure:9043: checking if libtool supports shared libraries
configure:9045: result: yes
configure:9048: checking whether to build shared libraries
configure:9069: result: yes
configure:9072: checking whether to build static libraries
configure:9076: result: no
configure:9169: result:
creating libtool
configure:9750: checking for ld used by g++
configure:9817: result: /usr/bin/ld
configure:9826: checking if the linker (/usr/bin/ld) is GNU ld
configure:9841: result: yes
configure:9892: checking whether the g++ linker (/usr/bin/ld) supports shared libraries
configure:10720: result: yes
configure:10742: g++ -c -g -O2  conftest.cpp >&5
configure:10745: $? = 0
configure:10855: checking for g++ option to produce PIC
configure:11123: result: -fPIC
configure:11131: checking if g++ PIC flag -fPIC works
configure:11149: g++ -c -g -O2  -fPIC -DPIC conftest.cpp >&5
configure:11153: $? = 0
configure:11166: result: yes
configure:11190: checking if g++ supports -c -o file.o
configure:11211: g++ -c -g -O2  -o out/conftest2.o conftest.cpp >&5
configure:11215: $? = 0
configure:11237: result: yes
configure:11263: checking whether the g++ linker (/usr/bin/ld) supports shared libraries
configure:11288: result: yes
configure:11359: checking dynamic linker characteristics
configure:11934: result: GNU/Linux ld.so
configure:11938: checking how to hardcode library paths into programs
configure:11963: result: immediate
configure:11977: checking whether stripping libraries is possible
configure:11982: result: yes
configure:13511: creating ./config.status

## ---------------------- ##
## Running config.status. ##
## ---------------------- ##

This file was extended by config.status, which was
generated by GNU Autoconf 2.59.  Invocation command line was

  CONFIG_FILES    = 
  CONFIG_HEADERS  = 
  CONFIG_LINKS    = 
  CONFIG_COMMANDS = 
  $ ./config.status 

on zvde

config.status:454: creating config.h
config.status:560: config.h is unchanged

## ---------------- ##
## Cache variables. ##
## ---------------- ##

ac_cv_build=i686-pc-linux-gnu
ac_cv_build_alias=i686-pc-linux-gnu
ac_cv_c_compiler_gnu=yes
ac_cv_cxx_compiler_gnu=yes
ac_cv_env_CC_set=
ac_cv_env_CC_value=
ac_cv_env_CFLAGS_set=
ac_cv_env_CFLAGS_value=
ac_cv_env_CPPFLAGS_set=
ac_cv_env_CPPFLAGS_value=
ac_cv_env_CPP_set=
ac_cv_env_CPP_value=
ac_cv_env_CXXCPP_set=
ac_cv_env_CXXCPP_value=
ac_cv_env_CXXFLAGS_set=
ac_cv_env_CXXFLAGS_value=
ac_cv_env_CXX_set=
ac_cv_env_CXX_value=
ac_cv_env_LDFLAGS_set=
ac_cv_env_LDFLAGS_value=
ac_cv_env_build_alias_set=
ac_cv_env_build_alias_value=
ac_cv_env_host_alias_set=
ac_cv_env_host_alias_value=
ac_cv_env_target_alias_set=
ac_cv_env_target_alias_value=
ac_cv_exeext=
ac_cv_header_dlfcn_h=yes
ac_cv_header_inttypes_h=yes
ac_cv_header_memory_h=yes
ac_cv_header_stdc=yes
ac_cv_header_stdint_h=yes
ac_cv_header_stdlib_h=yes
ac_cv_header_string_h=yes
ac_cv_header_strings_h=yes
ac_cv_header_sys_stat_h=yes
ac_cv_header_sys_types_h=yes
ac_cv_header_unistd_h=yes
ac_cv_host=i686-pc-linux-gnu
ac_cv_host_alias=i686-pc-linux-gnu
ac_cv_objext=o
ac_cv_prog_AWK=nawk
ac_cv_prog_CPP='gcc -E'
ac_cv_prog_CXXCPP='g++ -E'
ac_cv_prog_RE2C=re2c
ac_cv_prog_ac_ct_AR=ar
ac_cv_prog_ac_ct_CC=gcc
ac_cv_prog_ac_ct_CXX=g++
ac_cv_prog_ac_ct_RANLIB=ranlib
ac_cv_prog_ac_ct_STRIP=strip
ac_cv_prog_cc_g=yes
ac_cv_prog_cc_gcc_c_o=yes
ac_cv_prog_cc_stdc=
ac_cv_prog_cxx_g=yes
ac_cv_prog_egrep='grep -E'
ac_cv_target=i686-pc-linux-gnu
ac_cv_target_alias=i686-pc-linux-gnu
lt_cv_deplibs_check_method=pass_all
lt_cv_file_magic_cmd='$MAGIC_CMD'
lt_cv_file_magic_test_file=
lt_cv_ld_reload_flag=-r
lt_cv_objdir=.libs
lt_cv_path_LD=/usr/bin/ld
lt_cv_path_LDCXX=/usr/bin/ld
lt_cv_path_NM='/usr/bin/nm -B'
lt_cv_path_SED=/bin/sed
lt_cv_prog_compiler_c_o=yes
lt_cv_prog_compiler_c_o_CXX=yes
lt_cv_prog_compiler_rtti_exceptions=no
lt_cv_prog_gnu_ld=yes
lt_cv_prog_gnu_ldcxx=yes
lt_cv_sys_global_symbol_pipe='sed -n -e '\''s/^.*[ 	]\([ABCDGIRSTW][ABCDGIRSTW]*\)[ 	][ 	]*\([_A-Za-z][_A-Za-z0-9]*\)$/\1 \2 \2/p'\'''
lt_cv_sys_global_symbol_to_c_name_address='sed -n -e '\''s/^: \([^ ]*\) $/  {\"\1\", (lt_ptr) 0},/p'\'' -e '\''s/^[BCDEGRST] \([^ ]*\) \([^ ]*\)$/  {"\2", (lt_ptr) \&\2},/p'\'''
lt_cv_sys_global_symbol_to_cdecl='sed -n -e '\''s/^. .* \(.*\)$/extern int \1;/p'\'''
lt_cv_sys_max_cmd_len=32768
lt_lt_cv_prog_compiler_c_o='"yes"'
lt_lt_cv_prog_compiler_c_o_CXX='"yes"'
lt_lt_cv_sys_global_symbol_pipe='"sed -n -e '\''s/^.*[ 	]\\([ABCDGIRSTW][ABCDGIRSTW]*\\)[ 	][ 	]*\\([_A-Za-z][_A-Za-z0-9]*\\)\$/\\1 \\2 \\2/p'\''"'
lt_lt_cv_sys_global_symbol_to_c_name_address='"sed -n -e '\''s/^: \\([^ ]*\\) \$/  {\\\"\\1\\\", (lt_ptr) 0},/p'\'' -e '\''s/^[BCDEGRST] \\([^ ]*\\) \\([^ ]*\\)\$/  {\"\\2\", (lt_ptr) \\&\\2},/p'\''"'
lt_lt_cv_sys_global_symbol_to_cdecl='"sed -n -e '\''s/^. .* \\(.*\\)\$/extern int \\1;/p'\''"'
php_cv_cc_dashr=no
php_cv_cc_rpath=yes
php_cv_re2c_version='0.9.12 (ok)'

## ----------------- ##
## Output variables. ##
## ----------------- ##

AR='ar'
AWK='nawk'
CC='gcc'
CFLAGS='-g -O2'
CONFIGURE_COMMAND=' './configure' '--enable-debug''
CPP='gcc -E'
CPPFLAGS=' -DHAVE_CONFIG_H'
CXX='g++'
CXXCPP='g++ -E'
CXXFLAGS='-g -O2'
DEFS='-DHAVE_CONFIG_H'
ECHO='echo'
ECHO_C=''
ECHO_N='-n'
ECHO_T=''
EGREP='grep -E'
EXEEXT=''
LDFLAGS=''
LIBOBJS=''
LIBS=''
LIBTOOL='$(SHELL) $(top_builddir)/libtool'
LN_S='ln -s'
LTLIBOBJS=''
OBJEXT='o'
PACKAGE_BUGREPORT=''
PACKAGE_NAME=''
PACKAGE_STRING=''
PACKAGE_TARNAME=''
PACKAGE_VERSION=''
PATH_SEPARATOR=':'
RANLIB='ranlib'
RE2C='re2c'
SHELL='/bin/sh'
SHLIB_DL_SUFFIX_NAME='so'
SHLIB_SUFFIX_NAME='so'
STRIP='strip'
ac_ct_AR='ar'
ac_ct_CC='gcc'
ac_ct_CXX='g++'
ac_ct_RANLIB='ranlib'
ac_ct_STRIP='strip'
bindir='${exec_prefix}/bin'
build='i686-pc-linux-gnu'
build_alias=''
build_cpu='i686'
build_os='linux-gnu'
build_vendor='pc'
datadir='${prefix}/share'
exec_prefix='$(prefix)'
host='i686-pc-linux-gnu'
host_alias='i686-pc-linux-gnu'
host_cpu='i686'
host_os='linux-gnu'
host_vendor='pc'
includedir='${prefix}/include'
infodir='${prefix}/info'
libdir='${exec_prefix}/lib'
libexecdir='${exec_prefix}/libexec'
localstatedir='${prefix}/var'
mandir='${prefix}/man'
oldincludedir='/usr/include'
prefix='/usr/local'
program_transform_name='s,x,x,'
sbindir='${exec_prefix}/sbin'
sharedstatedir='${prefix}/com'
sysconfdir='${prefix}/etc'
target='i686-pc-linux-gnu'
target_alias=''
target_cpu='i686'
target_os='linux-gnu'
target_vendor='pc'

## ----------- ##
## confdefs.h. ##
## ----------- ##

#define COMPILE_DL_CAUTELA 1
#define HAVE_DLFCN_H 1
#define HAVE_INTTYPES_H 1
#define HAVE_MEMORY_H 1
#define HAVE_STDINT_H 1
#define HAVE_STDLIB_H 1
#define HAVE_STRINGS_H 1
#define HAVE_STRING_H 1
#define HAVE_SYS_STAT_H 1
#define HAVE_SYS_TYPES_H 1
#define HAVE_UNISTD_H 1
#define PACKAGE_BUGREPORT ""
#define PACKAGE_NAME ""
#define PACKAGE_STRING ""
#define PACKAGE_TARNAME ""
#define PACKAGE_VERSION ""
#define STDC_HEADERS 1
#endif
#ifdef __cplusplus
extern "C" void std::exit (int) throw (); using std::exit;

configure: exit 0
